<?xml version="1.0" encoding="UTF-8"?>
<!-- Generated by org.testng.reporters.JUnitReportReporter -->
<testsuite hostname="DESKTOP-OLLESBD" failures="0" tests="1" name="cucumberOptions.TestNGTestRunner" time="0.143" errors="0" timestamp="2023-04-18T23:43:17 IST" skipped="0">
  <testcase classname="cucumberOptions.TestNGTestRunner" name="runScenario" time="0.143"/>
  <system-out/>
</testsuite> <!-- cucumberOptions.TestNGTestRunner -->
